2024-09-04 20:48:28,311 - INFO - ('Current icons color ', None, 'New icons color', '#000000')
2024-09-04 20:48:28,311 - INFO - Generating icons for your theme, please wait. This may take long
2024-09-04 20:48:28,619 - INFO - ('DONE: Current icons color ', '#000000')
2024-09-04 20:59:18,231 - INFO - Checking icons for Default-theme theme. Icons color: #000000
2024-09-04 20:59:18,535 - INFO - Checking icons for Default-theme theme. Icons color: #000000
2024-09-04 20:59:18,736 - INFO - Checking icons for qt designer app.
2024-09-04 20:59:28,574 - INFO - all icons have been checked and missing icons generated!
2024-09-04 21:01:48,383 - INFO - Checking icons for Default-theme theme. Icons color: #000000
2024-09-04 21:01:48,576 - INFO - Checking icons for Default-theme theme. Icons color: #000000
2024-09-04 21:01:48,874 - INFO - Checking icons for qt designer app.
2024-09-04 21:01:49,161 - INFO - all icons have been checked and missing icons generated!
2024-09-04 21:15:56,122 - INFO - Checking icons for Default-theme theme. Icons color: #000000
2024-09-04 21:15:56,437 - INFO - Checking icons for Default-theme theme. Icons color: #000000
2024-09-04 21:15:56,731 - INFO - Checking icons for qt designer app.
2024-09-04 21:15:57,217 - INFO - all icons have been checked and missing icons generated!
2024-09-04 21:18:02,808 - INFO - Checking icons for Default-theme theme. Icons color: #000000
2024-09-04 21:18:02,994 - INFO - Checking icons for Default-theme theme. Icons color: #000000
2024-09-04 21:18:03,313 - INFO - Checking icons for qt designer app.
2024-09-04 21:18:03,772 - INFO - all icons have been checked and missing icons generated!
2024-09-04 21:20:42,731 - INFO - Checking icons for Default-theme theme. Icons color: #000000
2024-09-04 21:20:42,986 - INFO - Checking icons for Default-theme theme. Icons color: #000000
2024-09-04 21:20:43,222 - INFO - Checking icons for qt designer app.
2024-09-04 21:20:43,482 - INFO - all icons have been checked and missing icons generated!
2024-09-04 21:22:48,912 - INFO - Checking icons for Default-theme theme. Icons color: #000000
2024-09-04 21:22:49,201 - INFO - Checking icons for Default-theme theme. Icons color: #000000
2024-09-04 21:22:49,784 - INFO - Checking icons for qt designer app.
2024-09-04 21:22:50,185 - INFO - all icons have been checked and missing icons generated!
2024-09-04 22:02:28,583 - INFO - Checking icons for Default-theme theme. Icons color: #000000
2024-09-04 22:02:29,422 - INFO - Checking icons for Default-theme theme. Icons color: #000000
2024-09-04 22:02:29,797 - INFO - Checking icons for qt designer app.
2024-09-04 22:02:30,472 - INFO - all icons have been checked and missing icons generated!
2024-09-05 20:10:10,961 - INFO - Checking icons for Default-theme theme. Icons color: #000000
2024-09-05 20:10:11,277 - INFO - Checking icons for Default-theme theme. Icons color: #000000
2024-09-05 20:10:11,679 - INFO - Checking icons for qt designer app.
2024-09-05 20:10:12,060 - INFO - all icons have been checked and missing icons generated!
2024-09-05 20:11:21,543 - INFO - Checking icons for Default-theme theme. Icons color: #000000
2024-09-05 20:11:21,856 - INFO - Checking icons for Default-theme theme. Icons color: #000000
2024-09-05 20:11:22,209 - INFO - Checking icons for qt designer app.
2024-09-05 20:11:22,604 - INFO - all icons have been checked and missing icons generated!
2024-09-05 20:14:51,408 - INFO - Checking icons for Default-theme theme. Icons color: #000000
2024-09-05 20:14:52,198 - INFO - Checking icons for Default-theme theme. Icons color: #000000
2024-09-05 20:14:52,581 - INFO - Checking icons for qt designer app.
2024-09-05 20:14:53,015 - INFO - all icons have been checked and missing icons generated!
2024-09-05 20:15:22,933 - INFO - Checking icons for Default-theme theme. Icons color: #000000
2024-09-05 20:15:23,227 - INFO - Checking icons for Default-theme theme. Icons color: #000000
2024-09-05 20:15:23,483 - INFO - Checking icons for qt designer app.
2024-09-05 20:15:23,901 - INFO - all icons have been checked and missing icons generated!
2024-09-05 20:16:34,259 - INFO - Checking icons for Default-theme theme. Icons color: #000000
2024-09-05 20:16:34,480 - INFO - Checking icons for Default-theme theme. Icons color: #000000
2024-09-05 20:16:34,711 - INFO - Checking icons for qt designer app.
2024-09-05 20:16:35,108 - INFO - all icons have been checked and missing icons generated!
2024-09-05 20:18:06,243 - INFO - Checking icons for Default-theme theme. Icons color: #000000
2024-09-05 20:18:06,522 - INFO - Checking icons for Default-theme theme. Icons color: #000000
2024-09-05 20:18:06,763 - INFO - Checking icons for qt designer app.
2024-09-05 20:18:07,114 - INFO - all icons have been checked and missing icons generated!
2024-09-05 21:02:25,392 - INFO - Checking icons for Default-theme theme. Icons color: #000000
2024-09-05 21:02:27,010 - INFO - Checking icons for Default-theme theme. Icons color: #000000
2024-09-05 21:02:27,525 - INFO - Checking icons for qt designer app.
2024-09-05 21:02:28,496 - INFO - all icons have been checked and missing icons generated!
2024-09-05 21:04:31,544 - INFO - Checking icons for Default-theme theme. Icons color: #000000
2024-09-05 21:04:31,861 - INFO - Checking icons for Default-theme theme. Icons color: #000000
2024-09-05 21:04:32,137 - INFO - Checking icons for qt designer app.
2024-09-05 21:04:32,607 - INFO - all icons have been checked and missing icons generated!
2024-09-05 21:07:31,085 - INFO - Checking icons for Default-theme theme. Icons color: #000000
2024-09-05 21:07:31,435 - INFO - Checking icons for Default-theme theme. Icons color: #000000
2024-09-05 21:07:31,859 - INFO - Checking icons for qt designer app.
2024-09-05 21:07:32,491 - INFO - all icons have been checked and missing icons generated!
2024-09-05 22:09:38,580 - INFO - Checking icons for Default-theme theme. Icons color: #000000
2024-09-05 22:09:39,333 - INFO - Checking icons for Default-theme theme. Icons color: #000000
2024-09-05 22:09:39,741 - INFO - Checking icons for qt designer app.
2024-09-05 22:09:40,541 - INFO - all icons have been checked and missing icons generated!
2024-09-05 22:10:02,588 - INFO - Checking icons for Default-theme theme. Icons color: #000000
2024-09-05 22:10:02,785 - INFO - Checking icons for Default-theme theme. Icons color: #000000
2024-09-05 22:10:03,009 - INFO - Checking icons for qt designer app.
2024-09-05 22:10:03,287 - INFO - all icons have been checked and missing icons generated!
2024-09-05 22:13:10,414 - INFO - Checking icons for Default-theme theme. Icons color: #000000
2024-09-05 22:13:10,890 - INFO - Checking icons for Default-theme theme. Icons color: #000000
2024-09-05 22:13:11,138 - INFO - Checking icons for qt designer app.
2024-09-05 22:13:11,573 - INFO - all icons have been checked and missing icons generated!
2024-09-05 22:14:49,541 - INFO - Checking icons for Default-theme theme. Icons color: #000000
2024-09-05 22:14:49,786 - INFO - Checking icons for Default-theme theme. Icons color: #000000
2024-09-05 22:14:49,991 - INFO - Checking icons for qt designer app.
2024-09-05 22:14:50,421 - INFO - all icons have been checked and missing icons generated!
2024-09-05 22:16:31,360 - INFO - Checking icons for Default-theme theme. Icons color: #000000
2024-09-05 22:16:31,641 - INFO - Checking icons for Default-theme theme. Icons color: #000000
2024-09-05 22:16:31,939 - INFO - Checking icons for qt designer app.
2024-09-05 22:16:32,492 - INFO - all icons have been checked and missing icons generated!
2024-09-05 22:17:38,762 - INFO - Checking icons for Default-theme theme. Icons color: #000000
2024-09-05 22:17:38,948 - INFO - Checking icons for Default-theme theme. Icons color: #000000
2024-09-05 22:17:39,195 - INFO - Checking icons for qt designer app.
2024-09-05 22:17:39,509 - INFO - all icons have been checked and missing icons generated!
2024-09-05 22:21:28,050 - INFO - Checking icons for Default-theme theme. Icons color: #000000
2024-09-05 22:21:28,281 - INFO - Checking icons for Default-theme theme. Icons color: #000000
2024-09-05 22:21:28,575 - INFO - Checking icons for qt designer app.
2024-09-05 22:21:28,827 - INFO - all icons have been checked and missing icons generated!
2024-09-05 22:42:53,307 - INFO - Checking icons for Default-theme theme. Icons color: #000000
2024-09-05 22:42:53,820 - INFO - Checking icons for Default-theme theme. Icons color: #000000
2024-09-05 22:42:54,231 - INFO - Checking icons for qt designer app.
2024-09-05 22:42:54,706 - INFO - all icons have been checked and missing icons generated!
2024-09-05 22:44:29,861 - INFO - Checking icons for Default-theme theme. Icons color: #000000
2024-09-05 22:44:30,083 - INFO - Checking icons for Default-theme theme. Icons color: #000000
2024-09-05 22:44:30,347 - INFO - Checking icons for qt designer app.
2024-09-05 22:44:30,645 - INFO - all icons have been checked and missing icons generated!
2024-09-05 22:45:15,176 - INFO - Checking icons for Default-theme theme. Icons color: #000000
2024-09-05 22:45:15,399 - INFO - Checking icons for Default-theme theme. Icons color: #000000
2024-09-05 22:45:15,608 - INFO - Checking icons for qt designer app.
2024-09-05 22:45:15,937 - INFO - all icons have been checked and missing icons generated!
2024-09-05 22:49:31,170 - INFO - Checking icons for Default-theme theme. Icons color: #000000
2024-09-05 22:49:31,408 - INFO - Checking icons for Default-theme theme. Icons color: #000000
2024-09-05 22:49:31,658 - INFO - Checking icons for qt designer app.
2024-09-05 22:49:32,088 - INFO - all icons have been checked and missing icons generated!
2024-09-05 22:50:18,476 - INFO - Checking icons for Default-theme theme. Icons color: #000000
2024-09-05 22:50:18,693 - INFO - Checking icons for Default-theme theme. Icons color: #000000
2024-09-05 22:50:18,896 - INFO - Checking icons for qt designer app.
2024-09-05 22:50:19,312 - INFO - all icons have been checked and missing icons generated!
2024-09-05 22:50:59,024 - INFO - Checking icons for Default-theme theme. Icons color: #000000
2024-09-05 22:50:59,248 - INFO - Checking icons for Default-theme theme. Icons color: #000000
2024-09-05 22:50:59,451 - INFO - Checking icons for qt designer app.
2024-09-05 22:50:59,760 - INFO - all icons have been checked and missing icons generated!
2024-09-05 22:51:40,403 - INFO - Checking icons for Default-theme theme. Icons color: #000000
2024-09-05 22:51:40,639 - INFO - Checking icons for Default-theme theme. Icons color: #000000
2024-09-05 22:51:40,862 - INFO - Checking icons for qt designer app.
2024-09-05 22:51:41,180 - INFO - all icons have been checked and missing icons generated!
2024-09-05 22:52:32,010 - INFO - Checking icons for Default-theme theme. Icons color: #000000
2024-09-05 22:52:32,233 - INFO - Checking icons for Default-theme theme. Icons color: #000000
2024-09-05 22:52:32,481 - INFO - Checking icons for qt designer app.
2024-09-05 22:52:32,827 - INFO - all icons have been checked and missing icons generated!
2024-09-05 22:55:18,447 - INFO - Checking icons for Default-theme theme. Icons color: #000000
2024-09-05 22:55:18,703 - INFO - Checking icons for Default-theme theme. Icons color: #000000
2024-09-05 22:55:19,114 - INFO - Checking icons for qt designer app.
2024-09-05 22:55:19,583 - INFO - all icons have been checked and missing icons generated!
2024-09-05 22:56:53,783 - INFO - Checking icons for Default-theme theme. Icons color: #000000
2024-09-05 22:56:54,011 - INFO - Checking icons for Default-theme theme. Icons color: #000000
2024-09-05 22:56:54,239 - INFO - Checking icons for qt designer app.
2024-09-05 22:56:54,545 - INFO - all icons have been checked and missing icons generated!
2024-09-05 22:58:25,475 - INFO - Checking icons for Default-theme theme. Icons color: #000000
2024-09-05 22:58:25,693 - INFO - Checking icons for Default-theme theme. Icons color: #000000
2024-09-05 22:58:25,878 - INFO - Checking icons for qt designer app.
2024-09-05 22:58:26,174 - INFO - all icons have been checked and missing icons generated!
2024-09-05 22:58:54,676 - INFO - Checking icons for Default-theme theme. Icons color: #000000
2024-09-05 22:58:54,864 - INFO - Checking icons for Default-theme theme. Icons color: #000000
2024-09-05 22:58:55,086 - INFO - Checking icons for qt designer app.
2024-09-05 22:58:55,471 - INFO - all icons have been checked and missing icons generated!
2024-09-05 22:59:27,850 - INFO - Checking icons for Default-theme theme. Icons color: #000000
2024-09-05 22:59:28,057 - INFO - Checking icons for Default-theme theme. Icons color: #000000
2024-09-05 22:59:28,304 - INFO - Checking icons for qt designer app.
2024-09-05 22:59:28,695 - INFO - all icons have been checked and missing icons generated!
2024-09-05 23:00:26,955 - INFO - Checking icons for Default-theme theme. Icons color: #000000
2024-09-05 23:00:27,198 - INFO - Checking icons for Default-theme theme. Icons color: #000000
2024-09-05 23:00:27,408 - INFO - Checking icons for qt designer app.
2024-09-05 23:00:27,777 - INFO - all icons have been checked and missing icons generated!
2024-09-05 23:01:48,410 - INFO - Checking icons for Default-theme theme. Icons color: #000000
2024-09-05 23:01:48,629 - INFO - Checking icons for Default-theme theme. Icons color: #000000
2024-09-05 23:01:48,828 - INFO - Checking icons for qt designer app.
2024-09-05 23:01:49,083 - INFO - all icons have been checked and missing icons generated!
2024-09-05 23:04:47,633 - INFO - Checking icons for Default-theme theme. Icons color: #000000
2024-09-05 23:04:47,871 - INFO - Checking icons for Default-theme theme. Icons color: #000000
2024-09-05 23:04:48,088 - INFO - Checking icons for qt designer app.
2024-09-05 23:04:48,379 - INFO - all icons have been checked and missing icons generated!
2024-09-05 23:08:49,418 - INFO - Checking icons for Default-theme theme. Icons color: #000000
2024-09-05 23:08:49,656 - INFO - Checking icons for Default-theme theme. Icons color: #000000
2024-09-05 23:08:49,867 - INFO - Checking icons for qt designer app.
2024-09-05 23:08:50,123 - INFO - all icons have been checked and missing icons generated!
2024-09-05 23:11:14,404 - INFO - Checking icons for Default-theme theme. Icons color: #000000
2024-09-05 23:11:14,649 - INFO - Checking icons for Default-theme theme. Icons color: #000000
2024-09-05 23:11:14,851 - INFO - Checking icons for qt designer app.
2024-09-05 23:11:15,150 - INFO - all icons have been checked and missing icons generated!
2024-09-05 23:12:02,260 - INFO - Checking icons for Default-theme theme. Icons color: #000000
2024-09-05 23:12:02,469 - INFO - Checking icons for Default-theme theme. Icons color: #000000
2024-09-05 23:12:02,686 - INFO - Checking icons for qt designer app.
2024-09-05 23:12:02,880 - INFO - all icons have been checked and missing icons generated!
2024-09-05 23:13:04,292 - INFO - Checking icons for Default-theme theme. Icons color: #000000
2024-09-05 23:13:04,476 - INFO - Checking icons for Default-theme theme. Icons color: #000000
2024-09-05 23:13:04,745 - INFO - Checking icons for qt designer app.
2024-09-05 23:13:05,018 - INFO - all icons have been checked and missing icons generated!
2024-09-05 23:14:33,110 - INFO - Checking icons for Default-theme theme. Icons color: #000000
2024-09-05 23:14:33,336 - INFO - Checking icons for Default-theme theme. Icons color: #000000
2024-09-05 23:14:33,558 - INFO - Checking icons for qt designer app.
2024-09-05 23:14:33,832 - INFO - all icons have been checked and missing icons generated!
2024-09-05 23:16:54,900 - INFO - Checking icons for Default-theme theme. Icons color: #000000
2024-09-05 23:16:55,110 - INFO - Checking icons for Default-theme theme. Icons color: #000000
2024-09-05 23:16:55,329 - INFO - Checking icons for qt designer app.
2024-09-05 23:16:55,618 - INFO - all icons have been checked and missing icons generated!
2024-09-05 23:17:37,077 - INFO - Checking icons for Default-theme theme. Icons color: #000000
2024-09-05 23:17:37,295 - INFO - Checking icons for Default-theme theme. Icons color: #000000
2024-09-05 23:17:37,508 - INFO - Checking icons for qt designer app.
2024-09-05 23:17:37,843 - INFO - all icons have been checked and missing icons generated!
2024-09-05 23:22:04,694 - INFO - Checking icons for Default-theme theme. Icons color: #000000
2024-09-05 23:22:04,906 - INFO - Checking icons for Default-theme theme. Icons color: #000000
2024-09-05 23:22:05,129 - INFO - Checking icons for qt designer app.
2024-09-05 23:22:05,432 - INFO - all icons have been checked and missing icons generated!
2024-09-05 23:23:00,889 - INFO - Checking icons for Default-theme theme. Icons color: #000000
2024-09-05 23:23:01,106 - INFO - Checking icons for Default-theme theme. Icons color: #000000
2024-09-05 23:23:01,314 - INFO - Checking icons for qt designer app.
2024-09-05 23:23:01,624 - INFO - all icons have been checked and missing icons generated!
2024-09-05 23:25:14,804 - INFO - Checking icons for Default-theme theme. Icons color: #000000
2024-09-05 23:25:15,039 - INFO - Checking icons for Default-theme theme. Icons color: #000000
2024-09-05 23:25:15,248 - INFO - Checking icons for qt designer app.
2024-09-05 23:25:15,593 - INFO - all icons have been checked and missing icons generated!
2024-09-05 23:26:19,969 - INFO - Checking icons for Default-theme theme. Icons color: #000000
2024-09-05 23:26:20,189 - INFO - Checking icons for Default-theme theme. Icons color: #000000
2024-09-05 23:26:20,385 - INFO - Checking icons for qt designer app.
2024-09-05 23:26:20,646 - INFO - all icons have been checked and missing icons generated!
2024-09-05 23:32:08,007 - INFO - Checking icons for Default-theme theme. Icons color: #000000
2024-09-05 23:32:08,214 - INFO - Checking icons for Default-theme theme. Icons color: #000000
2024-09-05 23:32:08,456 - INFO - Checking icons for qt designer app.
2024-09-05 23:32:08,752 - INFO - all icons have been checked and missing icons generated!
2024-09-05 23:32:40,355 - INFO - Checking icons for Default-theme theme. Icons color: #000000
2024-09-05 23:32:40,552 - INFO - Checking icons for Default-theme theme. Icons color: #000000
2024-09-05 23:32:40,761 - INFO - Checking icons for qt designer app.
2024-09-05 23:32:40,981 - INFO - all icons have been checked and missing icons generated!
2024-09-05 23:33:22,339 - INFO - Checking icons for Default-theme theme. Icons color: #000000
2024-09-05 23:33:22,553 - INFO - Checking icons for Default-theme theme. Icons color: #000000
2024-09-05 23:33:22,775 - INFO - Checking icons for qt designer app.
2024-09-05 23:33:23,044 - INFO - all icons have been checked and missing icons generated!
2024-09-05 23:33:56,997 - INFO - Checking icons for Default-theme theme. Icons color: #000000
2024-09-05 23:33:57,253 - INFO - Checking icons for Default-theme theme. Icons color: #000000
2024-09-05 23:33:57,558 - INFO - Checking icons for qt designer app.
2024-09-05 23:33:57,925 - INFO - all icons have been checked and missing icons generated!
2024-09-05 23:34:23,429 - INFO - Checking icons for Default-theme theme. Icons color: #000000
2024-09-05 23:34:23,637 - INFO - Checking icons for Default-theme theme. Icons color: #000000
2024-09-05 23:34:23,879 - INFO - Checking icons for qt designer app.
2024-09-05 23:34:24,151 - INFO - all icons have been checked and missing icons generated!
2024-09-05 23:34:44,119 - INFO - Checking icons for Default-theme theme. Icons color: #000000
2024-09-05 23:34:44,341 - INFO - Checking icons for Default-theme theme. Icons color: #000000
2024-09-05 23:34:44,560 - INFO - Checking icons for qt designer app.
2024-09-05 23:34:44,902 - INFO - all icons have been checked and missing icons generated!
2024-09-05 23:35:40,170 - INFO - Checking icons for Default-theme theme. Icons color: #000000
2024-09-05 23:35:40,399 - INFO - Checking icons for Default-theme theme. Icons color: #000000
2024-09-05 23:35:40,603 - INFO - Checking icons for qt designer app.
2024-09-05 23:35:40,878 - INFO - all icons have been checked and missing icons generated!
2024-09-05 23:37:16,268 - INFO - Checking icons for Default-theme theme. Icons color: #000000
2024-09-05 23:37:16,457 - INFO - Checking icons for Default-theme theme. Icons color: #000000
2024-09-05 23:37:16,650 - INFO - Checking icons for qt designer app.
2024-09-05 23:37:16,909 - INFO - all icons have been checked and missing icons generated!
2024-09-05 23:39:51,772 - INFO - Checking icons for Default-theme theme. Icons color: #000000
2024-09-05 23:39:51,993 - INFO - Checking icons for Default-theme theme. Icons color: #000000
2024-09-05 23:39:52,219 - INFO - Checking icons for qt designer app.
2024-09-05 23:39:52,559 - INFO - all icons have been checked and missing icons generated!
2024-09-05 23:41:36,056 - INFO - Checking icons for Default-theme theme. Icons color: #000000
2024-09-05 23:41:36,344 - INFO - Checking icons for Default-theme theme. Icons color: #000000
2024-09-05 23:41:36,650 - INFO - Checking icons for qt designer app.
2024-09-05 23:41:36,958 - INFO - all icons have been checked and missing icons generated!
2024-09-05 23:42:10,295 - INFO - Checking icons for Default-theme theme. Icons color: #000000
2024-09-05 23:42:10,526 - INFO - Checking icons for Default-theme theme. Icons color: #000000
2024-09-05 23:42:10,712 - INFO - Checking icons for qt designer app.
2024-09-05 23:42:11,044 - INFO - all icons have been checked and missing icons generated!
2024-09-05 23:45:05,783 - INFO - Checking icons for Default-theme theme. Icons color: #000000
2024-09-05 23:45:06,014 - INFO - Checking icons for Default-theme theme. Icons color: #000000
2024-09-05 23:45:06,217 - INFO - Checking icons for qt designer app.
2024-09-05 23:45:06,568 - INFO - all icons have been checked and missing icons generated!
2024-09-05 23:45:27,257 - INFO - Checking icons for Default-theme theme. Icons color: #000000
2024-09-05 23:45:27,478 - INFO - Checking icons for Default-theme theme. Icons color: #000000
2024-09-05 23:45:27,679 - INFO - Checking icons for qt designer app.
2024-09-05 23:45:27,978 - INFO - all icons have been checked and missing icons generated!
2024-09-05 23:45:47,526 - INFO - Checking icons for Default-theme theme. Icons color: #000000
2024-09-05 23:45:47,738 - INFO - Checking icons for Default-theme theme. Icons color: #000000
2024-09-05 23:45:47,972 - INFO - Checking icons for qt designer app.
2024-09-05 23:45:48,277 - INFO - all icons have been checked and missing icons generated!
2024-09-05 23:46:07,376 - INFO - Checking icons for Default-theme theme. Icons color: #000000
2024-09-05 23:46:07,601 - INFO - Checking icons for Default-theme theme. Icons color: #000000
2024-09-05 23:46:07,800 - INFO - Checking icons for qt designer app.
2024-09-05 23:46:08,137 - INFO - all icons have been checked and missing icons generated!
2024-09-05 23:47:31,728 - INFO - Checking icons for Default-theme theme. Icons color: #000000
2024-09-05 23:47:31,956 - INFO - Checking icons for Default-theme theme. Icons color: #000000
2024-09-05 23:47:32,166 - INFO - Checking icons for qt designer app.
2024-09-05 23:47:32,449 - INFO - all icons have been checked and missing icons generated!
2024-09-06 11:16:41,206 - INFO - Checking icons for Default-theme theme. Icons color: #000000
2024-09-06 11:16:41,881 - INFO - Checking icons for Default-theme theme. Icons color: #000000
2024-09-06 11:16:42,254 - INFO - Checking icons for qt designer app.
2024-09-06 11:16:43,091 - INFO - all icons have been checked and missing icons generated!
2024-09-06 11:17:53,007 - INFO - Checking icons for Default-theme theme. Icons color: #000000
2024-09-06 11:17:53,169 - INFO - Checking icons for Default-theme theme. Icons color: #000000
2024-09-06 11:17:53,390 - INFO - Checking icons for qt designer app.
2024-09-06 11:17:53,686 - INFO - all icons have been checked and missing icons generated!
2024-09-06 11:18:55,738 - INFO - Checking icons for Default-theme theme. Icons color: #000000
2024-09-06 11:18:55,916 - INFO - Checking icons for Default-theme theme. Icons color: #000000
2024-09-06 11:18:56,133 - INFO - Checking icons for qt designer app.
2024-09-06 11:18:56,374 - INFO - all icons have been checked and missing icons generated!
2024-09-06 11:22:23,023 - INFO - Checking icons for Default-theme theme. Icons color: #000000
2024-09-06 11:22:23,532 - INFO - Checking icons for Default-theme theme. Icons color: #000000
2024-09-06 11:22:23,947 - INFO - Checking icons for qt designer app.
2024-09-06 11:22:24,318 - INFO - all icons have been checked and missing icons generated!
2024-09-06 11:25:46,575 - INFO - Checking icons for Default-theme theme. Icons color: #000000
2024-09-06 11:25:47,025 - INFO - Checking icons for Default-theme theme. Icons color: #000000
2024-09-06 11:25:47,360 - INFO - Checking icons for qt designer app.
2024-09-06 11:25:47,857 - INFO - all icons have been checked and missing icons generated!
2024-09-06 11:26:18,749 - INFO - Checking icons for Default-theme theme. Icons color: #000000
2024-09-06 11:26:18,929 - INFO - Checking icons for Default-theme theme. Icons color: #000000
2024-09-06 11:26:19,125 - INFO - Checking icons for qt designer app.
2024-09-06 11:26:19,326 - INFO - all icons have been checked and missing icons generated!
2024-09-06 11:27:15,534 - INFO - Checking icons for Default-theme theme. Icons color: #000000
2024-09-06 11:27:15,722 - INFO - Checking icons for Default-theme theme. Icons color: #000000
2024-09-06 11:27:15,996 - INFO - Checking icons for qt designer app.
2024-09-06 11:27:16,411 - INFO - all icons have been checked and missing icons generated!
2024-09-06 11:28:24,788 - INFO - Checking icons for Default-theme theme. Icons color: #000000
2024-09-06 11:28:24,950 - INFO - Checking icons for Default-theme theme. Icons color: #000000
2024-09-06 11:28:25,158 - INFO - Checking icons for qt designer app.
2024-09-06 11:28:25,343 - INFO - all icons have been checked and missing icons generated!
2024-09-06 11:30:03,596 - INFO - Checking icons for Default-theme theme. Icons color: #000000
2024-09-06 11:30:03,798 - INFO - Checking icons for Default-theme theme. Icons color: #000000
2024-09-06 11:30:04,030 - INFO - Checking icons for qt designer app.
2024-09-06 11:30:04,324 - INFO - all icons have been checked and missing icons generated!
2024-09-06 11:30:25,651 - INFO - Checking icons for Default-theme theme. Icons color: #000000
2024-09-06 11:30:25,821 - INFO - Checking icons for Default-theme theme. Icons color: #000000
2024-09-06 11:30:26,010 - INFO - Checking icons for qt designer app.
2024-09-06 11:30:26,174 - INFO - all icons have been checked and missing icons generated!
2024-09-06 11:33:26,606 - INFO - Checking icons for Default-theme theme. Icons color: #000000
2024-09-06 11:33:28,124 - INFO - Checking icons for Default-theme theme. Icons color: #000000
2024-09-06 11:33:28,302 - INFO - Checking icons for qt designer app.
2024-09-06 11:33:29,097 - INFO - all icons have been checked and missing icons generated!
2024-09-06 11:34:08,256 - INFO - Checking icons for Default-theme theme. Icons color: #000000
2024-09-06 11:34:08,423 - INFO - Checking icons for Default-theme theme. Icons color: #000000
2024-09-06 11:34:08,605 - INFO - Checking icons for qt designer app.
2024-09-06 11:34:08,774 - INFO - all icons have been checked and missing icons generated!
2024-09-06 11:35:42,553 - INFO - Checking icons for Default-theme theme. Icons color: #000000
2024-09-06 11:35:42,731 - INFO - Checking icons for Default-theme theme. Icons color: #000000
2024-09-06 11:35:42,986 - INFO - Checking icons for qt designer app.
2024-09-06 11:35:43,241 - INFO - all icons have been checked and missing icons generated!
2024-09-06 11:35:58,976 - INFO - Checking icons for Default-theme theme. Icons color: #000000
2024-09-06 11:35:59,125 - INFO - Checking icons for Default-theme theme. Icons color: #000000
2024-09-06 11:35:59,324 - INFO - Checking icons for qt designer app.
2024-09-06 11:35:59,527 - INFO - all icons have been checked and missing icons generated!
2024-09-06 11:37:45,809 - INFO - Checking icons for Default-theme theme. Icons color: #000000
2024-09-06 11:37:45,978 - INFO - Checking icons for Default-theme theme. Icons color: #000000
2024-09-06 11:37:46,208 - INFO - Checking icons for qt designer app.
2024-09-06 11:37:46,552 - INFO - all icons have been checked and missing icons generated!
2024-09-06 11:38:07,423 - INFO - Checking icons for Default-theme theme. Icons color: #000000
2024-09-06 11:38:07,639 - INFO - Checking icons for Default-theme theme. Icons color: #000000
2024-09-06 11:38:07,809 - INFO - Checking icons for qt designer app.
2024-09-06 11:38:08,049 - INFO - all icons have been checked and missing icons generated!
2024-09-06 11:42:35,813 - INFO - Checking icons for Default-theme theme. Icons color: #000000
2024-09-06 11:42:35,992 - INFO - Checking icons for Default-theme theme. Icons color: #000000
2024-09-06 11:42:36,222 - INFO - Checking icons for qt designer app.
2024-09-06 11:42:36,628 - INFO - all icons have been checked and missing icons generated!
2024-09-06 11:43:33,606 - INFO - Checking icons for Default-theme theme. Icons color: #000000
2024-09-06 11:43:33,778 - INFO - Checking icons for Default-theme theme. Icons color: #000000
2024-09-06 11:43:33,945 - INFO - Checking icons for qt designer app.
2024-09-06 11:43:34,137 - INFO - all icons have been checked and missing icons generated!
2024-09-06 11:44:07,927 - INFO - Checking icons for Default-theme theme. Icons color: #000000
2024-09-06 11:44:08,098 - INFO - Checking icons for Default-theme theme. Icons color: #000000
2024-09-06 11:44:08,258 - INFO - Checking icons for qt designer app.
2024-09-06 11:44:08,469 - INFO - all icons have been checked and missing icons generated!
2024-09-06 11:44:27,439 - INFO - Checking icons for Default-theme theme. Icons color: #000000
2024-09-06 11:44:27,613 - INFO - Checking icons for Default-theme theme. Icons color: #000000
2024-09-06 11:44:27,813 - INFO - Checking icons for qt designer app.
2024-09-06 11:44:28,008 - INFO - all icons have been checked and missing icons generated!
2024-09-06 11:44:48,038 - INFO - Checking icons for Default-theme theme. Icons color: #000000
2024-09-06 11:44:48,200 - INFO - Checking icons for Default-theme theme. Icons color: #000000
2024-09-06 11:44:48,385 - INFO - Checking icons for qt designer app.
2024-09-06 11:44:48,536 - INFO - all icons have been checked and missing icons generated!
2024-09-06 12:08:01,210 - INFO - Checking icons for Default-theme theme. Icons color: #000000
2024-09-06 12:08:01,676 - INFO - Checking icons for Default-theme theme. Icons color: #000000
2024-09-06 12:08:02,001 - INFO - Checking icons for qt designer app.
2024-09-06 12:08:02,545 - INFO - all icons have been checked and missing icons generated!
2024-09-06 12:11:03,711 - INFO - Checking icons for Default-theme theme. Icons color: #000000
2024-09-06 12:11:03,894 - INFO - Checking icons for Default-theme theme. Icons color: #000000
2024-09-06 12:11:04,111 - INFO - Checking icons for qt designer app.
2024-09-06 12:11:04,398 - INFO - all icons have been checked and missing icons generated!
2024-09-06 12:15:17,935 - INFO - Checking icons for Default-theme theme. Icons color: #000000
2024-09-06 12:15:18,265 - INFO - Checking icons for Default-theme theme. Icons color: #000000
2024-09-06 12:15:18,547 - INFO - Checking icons for qt designer app.
2024-09-06 12:15:19,196 - INFO - all icons have been checked and missing icons generated!
2024-09-06 12:17:41,137 - INFO - Checking icons for Default-theme theme. Icons color: #000000
2024-09-06 12:17:41,304 - INFO - Checking icons for Default-theme theme. Icons color: #000000
2024-09-06 12:17:41,508 - INFO - Checking icons for qt designer app.
2024-09-06 12:17:41,685 - INFO - all icons have been checked and missing icons generated!
2024-09-06 12:21:54,738 - INFO - Checking icons for Default-theme theme. Icons color: #000000
2024-09-06 12:21:56,014 - INFO - Checking icons for Default-theme theme. Icons color: #000000
2024-09-06 12:21:56,198 - INFO - Checking icons for qt designer app.
2024-09-06 12:21:56,577 - INFO - all icons have been checked and missing icons generated!
2024-09-06 12:22:09,438 - INFO - Checking icons for Default-theme theme. Icons color: #000000
2024-09-06 12:22:09,614 - INFO - Checking icons for Default-theme theme. Icons color: #000000
2024-09-06 12:22:09,773 - INFO - Checking icons for qt designer app.
2024-09-06 12:22:09,922 - INFO - all icons have been checked and missing icons generated!
2024-09-06 12:23:33,413 - INFO - Checking icons for Default-theme theme. Icons color: #000000
2024-09-06 12:23:33,582 - INFO - Checking icons for Default-theme theme. Icons color: #000000
2024-09-06 12:23:33,786 - INFO - Checking icons for qt designer app.
2024-09-06 12:23:33,995 - INFO - all icons have been checked and missing icons generated!
2024-09-06 12:25:08,982 - INFO - Checking icons for Default-theme theme. Icons color: #000000
2024-09-06 12:25:09,144 - INFO - Checking icons for Default-theme theme. Icons color: #000000
2024-09-06 12:25:09,340 - INFO - Checking icons for qt designer app.
2024-09-06 12:25:09,514 - INFO - all icons have been checked and missing icons generated!
2024-09-06 12:25:23,955 - INFO - Checking icons for Default-theme theme. Icons color: #000000
2024-09-06 12:25:24,113 - INFO - Checking icons for Default-theme theme. Icons color: #000000
2024-09-06 12:25:24,280 - INFO - Checking icons for qt designer app.
2024-09-06 12:25:24,431 - INFO - all icons have been checked and missing icons generated!
2024-09-06 12:25:57,588 - INFO - Checking icons for Default-theme theme. Icons color: #000000
2024-09-06 12:25:57,759 - INFO - Checking icons for Default-theme theme. Icons color: #000000
2024-09-06 12:25:57,943 - INFO - Checking icons for qt designer app.
2024-09-06 12:25:58,115 - INFO - all icons have been checked and missing icons generated!
2024-09-06 12:26:55,113 - INFO - Checking icons for Default-theme theme. Icons color: #000000
2024-09-06 12:26:55,274 - INFO - Checking icons for Default-theme theme. Icons color: #000000
2024-09-06 12:26:55,443 - INFO - Checking icons for qt designer app.
2024-09-06 12:26:55,623 - INFO - all icons have been checked and missing icons generated!
2024-09-06 12:27:38,897 - INFO - Checking icons for Default-theme theme. Icons color: #000000
2024-09-06 12:27:39,062 - INFO - Checking icons for Default-theme theme. Icons color: #000000
2024-09-06 12:27:39,248 - INFO - Checking icons for qt designer app.
2024-09-06 12:27:39,397 - INFO - all icons have been checked and missing icons generated!
2024-09-06 12:31:01,506 - INFO - Checking icons for Default-theme theme. Icons color: #000000
2024-09-06 12:31:01,665 - INFO - Checking icons for Default-theme theme. Icons color: #000000
2024-09-06 12:31:01,857 - INFO - Checking icons for qt designer app.
2024-09-06 12:31:02,073 - INFO - all icons have been checked and missing icons generated!
2024-09-06 12:33:05,509 - INFO - Checking icons for Default-theme theme. Icons color: #000000
2024-09-06 12:33:05,699 - INFO - Checking icons for Default-theme theme. Icons color: #000000
2024-09-06 12:33:05,876 - INFO - Checking icons for qt designer app.
2024-09-06 12:33:06,120 - INFO - all icons have been checked and missing icons generated!
2024-09-06 12:33:26,646 - INFO - Checking icons for Default-theme theme. Icons color: #000000
2024-09-06 12:33:26,809 - INFO - Checking icons for Default-theme theme. Icons color: #000000
2024-09-06 12:33:26,972 - INFO - Checking icons for qt designer app.
2024-09-06 12:33:27,139 - INFO - all icons have been checked and missing icons generated!
2024-09-06 12:34:39,492 - INFO - Checking icons for Default-theme theme. Icons color: #000000
2024-09-06 12:34:39,644 - INFO - Checking icons for Default-theme theme. Icons color: #000000
2024-09-06 12:34:39,815 - INFO - Checking icons for qt designer app.
2024-09-06 12:34:39,963 - INFO - all icons have been checked and missing icons generated!
2024-09-06 12:34:55,449 - INFO - Checking icons for Default-theme theme. Icons color: #000000
2024-09-06 12:34:55,616 - INFO - Checking icons for Default-theme theme. Icons color: #000000
2024-09-06 12:34:55,794 - INFO - Checking icons for qt designer app.
2024-09-06 12:34:55,957 - INFO - all icons have been checked and missing icons generated!
2024-09-06 12:35:20,918 - INFO - Checking icons for Default-theme theme. Icons color: #000000
2024-09-06 12:35:21,096 - INFO - Checking icons for Default-theme theme. Icons color: #000000
2024-09-06 12:35:21,298 - INFO - Checking icons for qt designer app.
2024-09-06 12:35:21,590 - INFO - all icons have been checked and missing icons generated!
2024-09-06 12:36:05,963 - INFO - Checking icons for Default-theme theme. Icons color: #000000
2024-09-06 12:36:06,138 - INFO - Checking icons for Default-theme theme. Icons color: #000000
2024-09-06 12:36:06,326 - INFO - Checking icons for qt designer app.
2024-09-06 12:36:06,570 - INFO - all icons have been checked and missing icons generated!
2024-09-06 14:30:18,587 - INFO - Checking icons for Default-theme theme. Icons color: #000000
2024-09-06 14:30:19,455 - INFO - Checking icons for Default-theme theme. Icons color: #000000
2024-09-06 14:30:19,961 - INFO - Checking icons for qt designer app.
2024-09-06 14:30:20,434 - INFO - all icons have been checked and missing icons generated!
2024-09-06 14:31:03,803 - INFO - Checking icons for Default-theme theme. Icons color: #000000
2024-09-06 14:31:04,089 - INFO - Checking icons for Default-theme theme. Icons color: #000000
2024-09-06 14:31:04,304 - INFO - Checking icons for qt designer app.
2024-09-06 14:31:04,766 - INFO - all icons have been checked and missing icons generated!
2024-09-06 14:31:31,510 - INFO - Checking icons for Default-theme theme. Icons color: #000000
2024-09-06 14:31:31,788 - INFO - Checking icons for Default-theme theme. Icons color: #000000
2024-09-06 14:31:32,016 - INFO - Checking icons for qt designer app.
2024-09-06 14:31:32,486 - INFO - all icons have been checked and missing icons generated!
2024-09-06 14:34:12,513 - INFO - Checking icons for Default-theme theme. Icons color: #000000
2024-09-06 14:34:12,761 - INFO - Checking icons for Default-theme theme. Icons color: #000000
2024-09-06 14:34:13,010 - INFO - Checking icons for qt designer app.
2024-09-06 14:34:13,351 - INFO - all icons have been checked and missing icons generated!
2024-09-06 14:36:11,764 - INFO - Checking icons for Default-theme theme. Icons color: #000000
2024-09-06 14:36:12,042 - INFO - Checking icons for Default-theme theme. Icons color: #000000
2024-09-06 14:36:12,408 - INFO - Checking icons for qt designer app.
2024-09-06 14:36:12,770 - INFO - all icons have been checked and missing icons generated!
2024-09-06 14:36:35,098 - INFO - Checking icons for Default-theme theme. Icons color: #000000
2024-09-06 14:36:35,344 - INFO - Checking icons for Default-theme theme. Icons color: #000000
2024-09-06 14:36:35,548 - INFO - Checking icons for qt designer app.
2024-09-06 14:36:35,919 - INFO - all icons have been checked and missing icons generated!
2024-09-06 14:37:34,002 - INFO - Checking icons for Default-theme theme. Icons color: #000000
2024-09-06 14:37:34,253 - INFO - Checking icons for Default-theme theme. Icons color: #000000
2024-09-06 14:37:34,526 - INFO - Checking icons for qt designer app.
2024-09-06 14:37:34,899 - INFO - all icons have been checked and missing icons generated!
2024-09-06 14:38:39,246 - INFO - Checking icons for Default-theme theme. Icons color: #000000
2024-09-06 14:38:39,439 - INFO - Checking icons for Default-theme theme. Icons color: #000000
2024-09-06 14:38:39,696 - INFO - Checking icons for qt designer app.
2024-09-06 14:38:40,008 - INFO - all icons have been checked and missing icons generated!
2024-09-06 14:39:13,583 - INFO - Checking icons for Default-theme theme. Icons color: #000000
2024-09-06 14:39:13,807 - INFO - Checking icons for Default-theme theme. Icons color: #000000
2024-09-06 14:39:14,122 - INFO - Checking icons for qt designer app.
2024-09-06 14:39:14,453 - INFO - all icons have been checked and missing icons generated!
2024-09-06 14:39:31,999 - INFO - Checking icons for Default-theme theme. Icons color: #000000
2024-09-06 14:39:32,230 - INFO - Checking icons for Default-theme theme. Icons color: #000000
2024-09-06 14:39:32,450 - INFO - Checking icons for qt designer app.
2024-09-06 14:39:32,796 - INFO - all icons have been checked and missing icons generated!
2024-09-06 14:40:40,310 - INFO - Checking icons for Default-theme theme. Icons color: #000000
2024-09-06 14:40:40,563 - INFO - Checking icons for Default-theme theme. Icons color: #000000
2024-09-06 14:40:40,835 - INFO - Checking icons for qt designer app.
2024-09-06 14:40:41,192 - INFO - all icons have been checked and missing icons generated!
2024-09-06 14:42:02,912 - INFO - Checking icons for Default-theme theme. Icons color: #000000
2024-09-06 14:42:03,146 - INFO - Checking icons for Default-theme theme. Icons color: #000000
2024-09-06 14:42:03,348 - INFO - Checking icons for qt designer app.
2024-09-06 14:42:03,660 - INFO - all icons have been checked and missing icons generated!
2024-09-06 14:42:31,252 - INFO - Checking icons for Default-theme theme. Icons color: #000000
2024-09-06 14:42:31,509 - INFO - Checking icons for Default-theme theme. Icons color: #000000
2024-09-06 14:42:31,699 - INFO - Checking icons for qt designer app.
2024-09-06 14:42:32,077 - INFO - all icons have been checked and missing icons generated!
2024-09-06 14:45:37,738 - INFO - Checking icons for Default-theme theme. Icons color: #000000
2024-09-06 14:45:38,065 - INFO - Checking icons for Default-theme theme. Icons color: #000000
2024-09-06 14:45:38,339 - INFO - Checking icons for qt designer app.
2024-09-06 14:45:38,774 - INFO - all icons have been checked and missing icons generated!
2024-09-06 14:45:51,407 - INFO - Checking icons for Default-theme theme. Icons color: #000000
2024-09-06 14:45:51,669 - INFO - Checking icons for Default-theme theme. Icons color: #000000
2024-09-06 14:45:51,953 - INFO - Checking icons for qt designer app.
2024-09-06 14:45:52,349 - INFO - all icons have been checked and missing icons generated!
2024-09-06 14:46:36,796 - INFO - Checking icons for Default-theme theme. Icons color: #000000
2024-09-06 14:46:37,028 - INFO - Checking icons for Default-theme theme. Icons color: #000000
2024-09-06 14:46:37,254 - INFO - Checking icons for qt designer app.
2024-09-06 14:46:37,607 - INFO - all icons have been checked and missing icons generated!
2024-09-06 14:48:53,142 - INFO - Checking icons for Default-theme theme. Icons color: #000000
2024-09-06 14:48:53,336 - INFO - Checking icons for Default-theme theme. Icons color: #000000
2024-09-06 14:48:53,583 - INFO - Checking icons for qt designer app.
2024-09-06 14:48:53,963 - INFO - all icons have been checked and missing icons generated!
2024-09-06 14:49:47,212 - INFO - Checking icons for Default-theme theme. Icons color: #000000
2024-09-06 14:49:47,420 - INFO - Checking icons for Default-theme theme. Icons color: #000000
2024-09-06 14:49:47,642 - INFO - Checking icons for qt designer app.
2024-09-06 14:49:47,932 - INFO - all icons have been checked and missing icons generated!
2024-09-06 14:52:27,075 - INFO - Checking icons for Default-theme theme. Icons color: #000000
2024-09-06 14:52:27,329 - INFO - Checking icons for Default-theme theme. Icons color: #000000
2024-09-06 14:52:27,530 - INFO - Checking icons for qt designer app.
2024-09-06 14:52:27,842 - INFO - all icons have been checked and missing icons generated!
2024-09-06 14:54:50,538 - INFO - Checking icons for Default-theme theme. Icons color: #000000
2024-09-06 14:54:50,706 - INFO - Checking icons for Default-theme theme. Icons color: #000000
2024-09-06 14:54:50,945 - INFO - Checking icons for qt designer app.
2024-09-06 14:54:51,212 - INFO - all icons have been checked and missing icons generated!
2024-09-06 14:57:29,025 - INFO - Checking icons for Default-theme theme. Icons color: #000000
2024-09-06 14:57:29,237 - INFO - Checking icons for Default-theme theme. Icons color: #000000
2024-09-06 14:57:29,514 - INFO - Checking icons for qt designer app.
2024-09-06 14:57:29,857 - INFO - all icons have been checked and missing icons generated!
2024-09-06 14:58:26,558 - INFO - Checking icons for Default-theme theme. Icons color: #000000
2024-09-06 14:58:26,795 - INFO - Checking icons for Default-theme theme. Icons color: #000000
2024-09-06 14:58:27,030 - INFO - Checking icons for qt designer app.
2024-09-06 14:58:27,471 - INFO - all icons have been checked and missing icons generated!
2024-09-06 15:04:42,262 - INFO - Checking icons for Default-theme theme. Icons color: #000000
2024-09-06 15:04:42,469 - INFO - Checking icons for Default-theme theme. Icons color: #000000
2024-09-06 15:04:42,754 - INFO - Checking icons for qt designer app.
2024-09-06 15:04:43,228 - INFO - all icons have been checked and missing icons generated!
2024-09-06 15:04:57,726 - INFO - Checking icons for Default-theme theme. Icons color: #000000
2024-09-06 15:04:57,913 - INFO - Checking icons for Default-theme theme. Icons color: #000000
2024-09-06 15:04:58,130 - INFO - Checking icons for qt designer app.
2024-09-06 15:04:58,353 - INFO - all icons have been checked and missing icons generated!
2024-09-06 15:05:44,983 - INFO - Checking icons for Default-theme theme. Icons color: #000000
2024-09-06 15:05:45,222 - INFO - Checking icons for Default-theme theme. Icons color: #000000
2024-09-06 15:05:45,454 - INFO - Checking icons for qt designer app.
2024-09-06 15:05:45,809 - INFO - all icons have been checked and missing icons generated!
2024-09-06 15:07:33,023 - INFO - Checking icons for Default-theme theme. Icons color: #000000
2024-09-06 15:07:33,247 - INFO - Checking icons for Default-theme theme. Icons color: #000000
2024-09-06 15:07:33,447 - INFO - Checking icons for qt designer app.
2024-09-06 15:07:33,869 - INFO - all icons have been checked and missing icons generated!
2024-09-06 15:10:06,618 - INFO - Checking icons for Default-theme theme. Icons color: #000000
2024-09-06 15:10:06,836 - INFO - Checking icons for Default-theme theme. Icons color: #000000
2024-09-06 15:10:07,082 - INFO - Checking icons for qt designer app.
2024-09-06 15:10:07,527 - INFO - all icons have been checked and missing icons generated!
2024-09-06 15:11:06,645 - INFO - Checking icons for Default-theme theme. Icons color: #000000
2024-09-06 15:11:06,832 - INFO - Checking icons for Default-theme theme. Icons color: #000000
2024-09-06 15:11:07,031 - INFO - Checking icons for qt designer app.
2024-09-06 15:11:07,316 - INFO - all icons have been checked and missing icons generated!
2024-09-06 15:12:52,585 - INFO - Checking icons for Default-theme theme. Icons color: #000000
2024-09-06 15:12:52,852 - INFO - Checking icons for Default-theme theme. Icons color: #000000
2024-09-06 15:12:53,184 - INFO - Checking icons for qt designer app.
2024-09-06 15:12:53,594 - INFO - all icons have been checked and missing icons generated!
2024-09-06 15:14:16,402 - INFO - Checking icons for Default-theme theme. Icons color: #000000
2024-09-06 15:14:16,640 - INFO - Checking icons for Default-theme theme. Icons color: #000000
2024-09-06 15:14:16,930 - INFO - Checking icons for qt designer app.
2024-09-06 15:14:17,261 - INFO - all icons have been checked and missing icons generated!
2024-09-06 15:15:27,395 - INFO - Checking icons for Default-theme theme. Icons color: #000000
2024-09-06 15:15:27,615 - INFO - Checking icons for Default-theme theme. Icons color: #000000
2024-09-06 15:15:27,822 - INFO - Checking icons for qt designer app.
2024-09-06 15:15:28,107 - INFO - all icons have been checked and missing icons generated!
2024-09-06 15:16:15,806 - INFO - Checking icons for Default-theme theme. Icons color: #000000
2024-09-06 15:16:16,010 - INFO - Checking icons for Default-theme theme. Icons color: #000000
2024-09-06 15:16:16,204 - INFO - Checking icons for qt designer app.
2024-09-06 15:16:16,491 - INFO - all icons have been checked and missing icons generated!
2024-09-06 18:08:16,895 - INFO - Checking icons for Default-theme theme. Icons color: #000000
2024-09-06 18:08:17,336 - INFO - Checking icons for Default-theme theme. Icons color: #000000
2024-09-06 18:08:18,020 - INFO - Checking icons for qt designer app.
2024-09-06 18:08:18,447 - INFO - all icons have been checked and missing icons generated!
2024-09-06 18:11:15,135 - INFO - Checking icons for Default-theme theme. Icons color: #000000
2024-09-06 18:11:15,360 - INFO - Checking icons for Default-theme theme. Icons color: #000000
2024-09-06 18:11:15,588 - INFO - Checking icons for qt designer app.
2024-09-06 18:11:15,933 - INFO - all icons have been checked and missing icons generated!
2024-09-06 18:12:15,027 - INFO - Checking icons for Default-theme theme. Icons color: #000000
2024-09-06 18:12:15,254 - INFO - Checking icons for Default-theme theme. Icons color: #000000
2024-09-06 18:12:15,460 - INFO - Checking icons for qt designer app.
2024-09-06 18:12:15,723 - INFO - all icons have been checked and missing icons generated!
2024-09-06 18:13:17,034 - INFO - Checking icons for Default-theme theme. Icons color: #000000
2024-09-06 18:13:17,239 - INFO - Checking icons for Default-theme theme. Icons color: #000000
2024-09-06 18:13:17,455 - INFO - Checking icons for qt designer app.
2024-09-06 18:13:17,775 - INFO - all icons have been checked and missing icons generated!
2024-09-06 18:15:10,164 - INFO - Checking icons for Default-theme theme. Icons color: #000000
2024-09-06 18:15:10,408 - INFO - Checking icons for Default-theme theme. Icons color: #000000
2024-09-06 18:15:10,617 - INFO - Checking icons for qt designer app.
2024-09-06 18:15:10,917 - INFO - all icons have been checked and missing icons generated!
2024-09-06 18:16:27,339 - INFO - Checking icons for Default-theme theme. Icons color: #000000
2024-09-06 18:16:27,532 - INFO - Checking icons for Default-theme theme. Icons color: #000000
2024-09-06 18:16:27,734 - INFO - Checking icons for qt designer app.
2024-09-06 18:16:27,962 - INFO - all icons have been checked and missing icons generated!
2024-09-06 18:35:45,596 - INFO - Checking icons for Default-theme theme. Icons color: #000000
2024-09-06 18:35:46,101 - INFO - Checking icons for Default-theme theme. Icons color: #000000
2024-09-06 18:35:46,567 - INFO - Checking icons for qt designer app.
2024-09-06 18:37:09,809 - INFO - Checking icons for Default-theme theme. Icons color: #000000
2024-09-06 18:37:10,008 - INFO - Checking icons for Default-theme theme. Icons color: #000000
2024-09-06 18:37:10,314 - INFO - Checking icons for qt designer app.
2024-09-06 18:37:10,840 - INFO - all icons have been checked and missing icons generated!
2024-09-06 18:40:09,412 - INFO - Checking icons for Default-theme theme. Icons color: #000000
2024-09-06 18:40:09,620 - INFO - Checking icons for Default-theme theme. Icons color: #000000
2024-09-06 18:40:09,841 - INFO - Checking icons for qt designer app.
2024-09-06 18:40:10,041 - INFO - all icons have been checked and missing icons generated!
2024-09-06 18:42:15,835 - INFO - Checking icons for Default-theme theme. Icons color: #000000
2024-09-06 18:42:16,056 - INFO - Checking icons for Default-theme theme. Icons color: #000000
2024-09-06 18:42:16,435 - INFO - Checking icons for qt designer app.
2024-09-06 18:42:16,767 - INFO - all icons have been checked and missing icons generated!
2024-09-06 19:12:14,459 - INFO - Checking icons for Default-theme theme. Icons color: #000000
2024-09-06 19:12:14,945 - INFO - Checking icons for Default-theme theme. Icons color: #000000
2024-09-06 19:12:15,332 - INFO - Checking icons for qt designer app.
2024-09-06 19:12:15,911 - INFO - all icons have been checked and missing icons generated!
2024-09-06 19:13:11,743 - INFO - Checking icons for Default-theme theme. Icons color: #000000
2024-09-06 19:13:11,956 - INFO - Checking icons for Default-theme theme. Icons color: #000000
2024-09-06 19:13:12,166 - INFO - Checking icons for qt designer app.
2024-09-06 19:13:12,519 - INFO - all icons have been checked and missing icons generated!
2024-09-06 19:15:06,435 - INFO - Checking icons for Default-theme theme. Icons color: #000000
2024-09-06 19:15:06,691 - INFO - Checking icons for Default-theme theme. Icons color: #000000
2024-09-06 19:15:06,940 - INFO - Checking icons for qt designer app.
2024-09-06 19:15:07,344 - INFO - all icons have been checked and missing icons generated!
2024-09-06 19:16:17,586 - INFO - Checking icons for Default-theme theme. Icons color: #000000
2024-09-06 19:16:17,836 - INFO - Checking icons for Default-theme theme. Icons color: #000000
2024-09-06 19:16:18,031 - INFO - Checking icons for qt designer app.
2024-09-06 19:16:18,339 - INFO - all icons have been checked and missing icons generated!
2024-09-06 19:17:24,879 - INFO - Checking icons for Default-theme theme. Icons color: #000000
2024-09-06 19:17:25,081 - INFO - Checking icons for Default-theme theme. Icons color: #000000
2024-09-06 19:17:25,275 - INFO - Checking icons for qt designer app.
2024-09-06 19:17:25,597 - INFO - all icons have been checked and missing icons generated!
2024-09-06 19:18:22,315 - INFO - Checking icons for Default-theme theme. Icons color: #000000
2024-09-06 19:18:22,548 - INFO - Checking icons for Default-theme theme. Icons color: #000000
2024-09-06 19:18:22,727 - INFO - Checking icons for qt designer app.
2024-09-06 19:18:22,965 - INFO - all icons have been checked and missing icons generated!
2024-09-06 19:19:44,210 - INFO - Checking icons for Default-theme theme. Icons color: #000000
2024-09-06 19:19:44,447 - INFO - Checking icons for Default-theme theme. Icons color: #000000
2024-09-06 19:19:44,686 - INFO - Checking icons for qt designer app.
2024-09-06 19:19:45,095 - INFO - all icons have been checked and missing icons generated!
2024-09-06 19:21:47,134 - INFO - Checking icons for Default-theme theme. Icons color: #000000
2024-09-06 19:21:47,350 - INFO - Checking icons for Default-theme theme. Icons color: #000000
2024-09-06 19:21:47,569 - INFO - Checking icons for qt designer app.
2024-09-06 19:21:47,920 - INFO - all icons have been checked and missing icons generated!
2024-09-06 19:23:31,592 - INFO - Checking icons for Default-theme theme. Icons color: #000000
2024-09-06 19:23:31,813 - INFO - Checking icons for Default-theme theme. Icons color: #000000
2024-09-06 19:23:32,062 - INFO - Checking icons for qt designer app.
2024-09-06 19:23:32,425 - INFO - all icons have been checked and missing icons generated!
2024-09-06 19:23:54,957 - INFO - Checking icons for Default-theme theme. Icons color: #000000
2024-09-06 19:23:55,166 - INFO - Checking icons for Default-theme theme. Icons color: #000000
2024-09-06 19:23:55,372 - INFO - Checking icons for qt designer app.
2024-09-06 19:23:55,695 - INFO - all icons have been checked and missing icons generated!
2024-09-06 19:25:29,746 - INFO - Checking icons for Default-theme theme. Icons color: #000000
2024-09-06 19:25:29,970 - INFO - Checking icons for Default-theme theme. Icons color: #000000
2024-09-06 19:25:30,167 - INFO - Checking icons for qt designer app.
2024-09-06 19:25:30,612 - INFO - all icons have been checked and missing icons generated!
2024-09-06 19:26:18,800 - INFO - Checking icons for Default-theme theme. Icons color: #000000
2024-09-06 19:26:19,010 - INFO - Checking icons for Default-theme theme. Icons color: #000000
2024-09-06 19:26:19,199 - INFO - Checking icons for qt designer app.
2024-09-06 19:26:19,523 - INFO - all icons have been checked and missing icons generated!
2024-09-06 19:28:21,988 - INFO - Checking icons for Default-theme theme. Icons color: #000000
2024-09-06 19:28:22,191 - INFO - Checking icons for Default-theme theme. Icons color: #000000
2024-09-06 19:28:22,395 - INFO - Checking icons for qt designer app.
2024-09-06 19:28:22,755 - INFO - all icons have been checked and missing icons generated!
2024-09-06 19:30:11,804 - INFO - Checking icons for Default-theme theme. Icons color: #000000
2024-09-06 19:30:12,010 - INFO - Checking icons for Default-theme theme. Icons color: #000000
2024-09-06 19:30:12,241 - INFO - Checking icons for qt designer app.
2024-09-06 19:30:12,596 - INFO - all icons have been checked and missing icons generated!
2024-09-06 19:33:32,135 - INFO - Checking icons for Default-theme theme. Icons color: #000000
2024-09-06 19:33:32,327 - INFO - Checking icons for Default-theme theme. Icons color: #000000
2024-09-06 19:33:32,601 - INFO - Checking icons for qt designer app.
2024-09-06 19:33:32,944 - INFO - all icons have been checked and missing icons generated!
2024-09-06 19:35:05,478 - INFO - Checking icons for Default-theme theme. Icons color: #000000
2024-09-06 19:35:05,675 - INFO - Checking icons for Default-theme theme. Icons color: #000000
2024-09-06 19:35:05,877 - INFO - Checking icons for qt designer app.
2024-09-06 19:35:06,162 - INFO - all icons have been checked and missing icons generated!
2024-09-06 19:36:56,175 - INFO - Checking icons for Default-theme theme. Icons color: #000000
2024-09-06 19:36:56,400 - INFO - Checking icons for Default-theme theme. Icons color: #000000
2024-09-06 19:36:56,588 - INFO - Checking icons for qt designer app.
2024-09-06 19:36:56,926 - INFO - all icons have been checked and missing icons generated!
2024-09-06 19:38:48,262 - INFO - Checking icons for Default-theme theme. Icons color: #000000
2024-09-06 19:38:48,536 - INFO - Checking icons for Default-theme theme. Icons color: #000000
2024-09-06 19:38:48,898 - INFO - Checking icons for qt designer app.
2024-09-06 19:38:49,237 - INFO - all icons have been checked and missing icons generated!
2024-09-06 19:43:54,135 - INFO - Checking icons for Default-theme theme. Icons color: #000000
2024-09-06 19:43:54,354 - INFO - Checking icons for Default-theme theme. Icons color: #000000
2024-09-06 19:43:54,557 - INFO - Checking icons for qt designer app.
2024-09-06 19:43:54,935 - INFO - all icons have been checked and missing icons generated!
2024-09-06 20:04:10,361 - INFO - Checking icons for Default-theme theme. Icons color: #000000
2024-09-06 20:04:10,809 - INFO - Checking icons for Default-theme theme. Icons color: #000000
2024-09-06 20:04:11,381 - INFO - Checking icons for qt designer app.
2024-09-06 20:04:12,240 - INFO - all icons have been checked and missing icons generated!
2024-09-06 20:05:46,737 - INFO - Checking icons for Default-theme theme. Icons color: #000000
2024-09-06 20:05:46,984 - INFO - Checking icons for Default-theme theme. Icons color: #000000
2024-09-06 20:05:47,241 - INFO - Checking icons for qt designer app.
2024-09-06 20:05:47,435 - INFO - all icons have been checked and missing icons generated!
2024-09-06 20:06:26,423 - INFO - Checking icons for Default-theme theme. Icons color: #000000
2024-09-06 20:06:26,657 - INFO - Checking icons for Default-theme theme. Icons color: #000000
2024-09-06 20:06:26,853 - INFO - Checking icons for qt designer app.
2024-09-06 20:06:27,297 - INFO - all icons have been checked and missing icons generated!
2024-09-06 20:06:47,281 - INFO - Checking icons for Default-theme theme. Icons color: #000000
2024-09-06 20:06:47,502 - INFO - Checking icons for Default-theme theme. Icons color: #000000
2024-09-06 20:06:47,759 - INFO - Checking icons for qt designer app.
2024-09-06 20:06:48,133 - INFO - all icons have been checked and missing icons generated!
2024-09-06 20:14:38,990 - INFO - Checking icons for Default-theme theme. Icons color: #000000
2024-09-06 20:14:39,249 - INFO - Checking icons for Default-theme theme. Icons color: #000000
2024-09-06 20:14:39,428 - INFO - Checking icons for qt designer app.
2024-09-06 20:14:39,833 - INFO - all icons have been checked and missing icons generated!
2024-09-06 20:15:27,740 - INFO - Checking icons for Default-theme theme. Icons color: #000000
2024-09-06 20:15:27,959 - INFO - Checking icons for Default-theme theme. Icons color: #000000
2024-09-06 20:15:28,163 - INFO - Checking icons for qt designer app.
2024-09-06 20:15:28,437 - INFO - all icons have been checked and missing icons generated!
2024-09-06 20:20:03,094 - INFO - Checking icons for Default-theme theme. Icons color: #000000
2024-09-06 20:20:03,309 - INFO - Checking icons for Default-theme theme. Icons color: #000000
2024-09-06 20:20:03,494 - INFO - Checking icons for qt designer app.
2024-09-06 20:20:03,830 - INFO - all icons have been checked and missing icons generated!
2024-09-06 20:20:14,049 - INFO - Checking icons for Default-theme theme. Icons color: #000000
2024-09-06 20:20:14,290 - INFO - Checking icons for Default-theme theme. Icons color: #000000
2024-09-06 20:20:14,475 - INFO - Checking icons for qt designer app.
2024-09-06 20:20:14,720 - INFO - all icons have been checked and missing icons generated!
2024-09-06 22:54:52,232 - INFO - Checking icons for Default-theme theme. Icons color: #000000
2024-09-06 22:54:52,737 - INFO - Checking icons for Default-theme theme. Icons color: #000000
2024-09-06 22:54:52,960 - INFO - Checking icons for qt designer app.
2024-09-06 22:54:53,573 - INFO - all icons have been checked and missing icons generated!
2024-09-06 22:59:29,536 - INFO - Checking icons for Default-theme theme. Icons color: #000000
2024-09-06 22:59:30,172 - INFO - Checking icons for Default-theme theme. Icons color: #000000
2024-09-06 22:59:30,553 - INFO - Checking icons for qt designer app.
2024-09-06 22:59:30,934 - INFO - all icons have been checked and missing icons generated!
2024-09-06 23:11:37,890 - INFO - Checking icons for Default-theme theme. Icons color: #000000
2024-09-06 23:11:38,361 - INFO - Checking icons for Default-theme theme. Icons color: #000000
2024-09-06 23:11:38,541 - INFO - Checking icons for qt designer app.
2024-09-06 23:11:38,891 - INFO - all icons have been checked and missing icons generated!
2024-09-06 23:11:56,263 - INFO - Checking icons for Default-theme theme. Icons color: #000000
2024-09-06 23:11:56,734 - INFO - Checking icons for Default-theme theme. Icons color: #000000
2024-09-06 23:11:56,946 - INFO - Checking icons for qt designer app.
2024-09-06 23:11:57,276 - INFO - all icons have been checked and missing icons generated!
2024-09-06 23:13:08,161 - INFO - Checking icons for Default-theme theme. Icons color: #000000
2024-09-06 23:13:08,685 - INFO - Checking icons for Default-theme theme. Icons color: #000000
2024-09-06 23:13:08,875 - INFO - Checking icons for qt designer app.
2024-09-06 23:13:09,214 - INFO - all icons have been checked and missing icons generated!
2024-09-06 23:14:42,361 - INFO - Checking icons for Default-theme theme. Icons color: #000000
2024-09-06 23:14:43,435 - INFO - Checking icons for Default-theme theme. Icons color: #000000
2024-09-06 23:14:43,642 - INFO - Checking icons for qt designer app.
2024-09-06 23:14:44,129 - INFO - all icons have been checked and missing icons generated!
2024-09-06 23:22:38,921 - INFO - Checking icons for Default-theme theme. Icons color: #000000
2024-09-06 23:22:39,845 - INFO - Checking icons for Default-theme theme. Icons color: #000000
2024-09-06 23:24:39,890 - INFO - Checking icons for Default-theme theme. Icons color: #000000
2024-09-06 23:24:40,480 - INFO - Checking icons for Default-theme theme. Icons color: #000000
2024-09-06 23:24:40,901 - INFO - Checking icons for qt designer app.
2024-09-06 23:24:41,568 - INFO - all icons have been checked and missing icons generated!
2024-09-06 23:33:10,175 - INFO - Checking icons for Default-theme theme. Icons color: #000000
2024-09-06 23:33:10,715 - INFO - Checking icons for Default-theme theme. Icons color: #000000
2024-09-06 23:33:11,321 - INFO - Checking icons for qt designer app.
2024-09-06 23:33:11,757 - INFO - all icons have been checked and missing icons generated!
2024-09-06 23:35:43,630 - INFO - Checking icons for Default-theme theme. Icons color: #000000
2024-09-06 23:35:43,852 - INFO - Checking icons for Default-theme theme. Icons color: #000000
2024-09-06 23:35:44,031 - INFO - Checking icons for qt designer app.
2024-09-06 23:35:44,339 - INFO - all icons have been checked and missing icons generated!
2024-09-06 23:37:12,012 - INFO - Checking icons for Default-theme theme. Icons color: #000000
2024-09-06 23:37:12,274 - INFO - Checking icons for Default-theme theme. Icons color: #000000
2024-09-06 23:37:12,503 - INFO - Checking icons for qt designer app.
2024-09-06 23:37:12,879 - INFO - all icons have been checked and missing icons generated!
2024-09-06 23:39:25,390 - INFO - Checking icons for Default-theme theme. Icons color: #000000
2024-09-06 23:39:25,698 - INFO - Checking icons for Default-theme theme. Icons color: #000000
2024-09-06 23:39:26,005 - INFO - Checking icons for qt designer app.
2024-09-06 23:39:26,383 - INFO - all icons have been checked and missing icons generated!
2024-09-06 23:39:53,988 - INFO - Checking icons for Default-theme theme. Icons color: #000000
2024-09-06 23:39:54,226 - INFO - Checking icons for Default-theme theme. Icons color: #000000
2024-09-06 23:39:54,471 - INFO - Checking icons for qt designer app.
2024-09-06 23:39:54,911 - INFO - all icons have been checked and missing icons generated!
2024-09-06 23:41:12,247 - INFO - Checking icons for Default-theme theme. Icons color: #000000
2024-09-06 23:41:12,486 - INFO - Checking icons for Default-theme theme. Icons color: #000000
2024-09-06 23:41:12,709 - INFO - Checking icons for qt designer app.
2024-09-06 23:41:13,083 - INFO - all icons have been checked and missing icons generated!
2024-09-06 23:44:02,172 - INFO - Checking icons for Default-theme theme. Icons color: #000000
2024-09-06 23:44:02,401 - INFO - Checking icons for Default-theme theme. Icons color: #000000
2024-09-06 23:44:02,622 - INFO - Checking icons for qt designer app.
2024-09-06 23:44:02,985 - INFO - all icons have been checked and missing icons generated!
2024-09-06 23:45:59,267 - INFO - Checking icons for Default-theme theme. Icons color: #000000
2024-09-06 23:45:59,487 - INFO - Checking icons for Default-theme theme. Icons color: #000000
2024-09-06 23:45:59,691 - INFO - Checking icons for qt designer app.
2024-09-06 23:46:00,052 - INFO - all icons have been checked and missing icons generated!
2024-09-06 23:48:52,697 - INFO - Checking icons for Default-theme theme. Icons color: #000000
2024-09-06 23:48:53,220 - INFO - Checking icons for Default-theme theme. Icons color: #000000
2024-09-06 23:48:53,738 - INFO - Checking icons for qt designer app.
2024-09-06 23:48:54,254 - INFO - all icons have been checked and missing icons generated!
2024-09-06 23:49:21,892 - INFO - Checking icons for Default-theme theme. Icons color: #000000
2024-09-06 23:49:22,102 - INFO - Checking icons for Default-theme theme. Icons color: #000000
2024-09-06 23:49:22,334 - INFO - Checking icons for qt designer app.
2024-09-06 23:49:22,696 - INFO - all icons have been checked and missing icons generated!
2024-09-06 23:53:02,779 - INFO - Checking icons for Default-theme theme. Icons color: #000000
2024-09-06 23:53:04,718 - INFO - Checking icons for Default-theme theme. Icons color: #000000
2024-09-06 23:53:04,968 - INFO - Checking icons for qt designer app.
2024-09-06 23:53:06,075 - INFO - all icons have been checked and missing icons generated!
2024-09-06 23:56:37,759 - INFO - Checking icons for Default-theme theme. Icons color: #000000
2024-09-06 23:56:38,018 - INFO - Checking icons for Default-theme theme. Icons color: #000000
2024-09-06 23:56:38,280 - INFO - Checking icons for qt designer app.
2024-09-06 23:56:38,667 - INFO - all icons have been checked and missing icons generated!
2024-09-06 23:58:07,027 - INFO - Checking icons for Default-theme theme. Icons color: #000000
2024-09-06 23:58:07,280 - INFO - Checking icons for Default-theme theme. Icons color: #000000
2024-09-06 23:58:07,531 - INFO - Checking icons for qt designer app.
2024-09-06 23:58:08,015 - INFO - all icons have been checked and missing icons generated!
2024-09-06 23:59:46,753 - INFO - Checking icons for Default-theme theme. Icons color: #000000
2024-09-06 23:59:47,017 - INFO - Checking icons for Default-theme theme. Icons color: #000000
2024-09-06 23:59:47,353 - INFO - Checking icons for qt designer app.
2024-09-06 23:59:47,657 - INFO - all icons have been checked and missing icons generated!
2024-09-08 21:05:03,703 - INFO - Checking icons for Default-theme theme. Icons color: #000000
2024-09-08 21:05:04,230 - INFO - Checking icons for Default-theme theme. Icons color: #000000
2024-09-08 21:05:04,996 - INFO - Checking icons for qt designer app.
2024-09-08 21:05:05,538 - INFO - all icons have been checked and missing icons generated!
2024-09-08 21:07:33,392 - INFO - Checking icons for Default-theme theme. Icons color: #000000
2024-09-08 21:07:33,619 - INFO - Checking icons for Default-theme theme. Icons color: #000000
2024-09-08 21:07:33,891 - INFO - Checking icons for qt designer app.
2024-09-08 21:07:34,105 - INFO - all icons have been checked and missing icons generated!
2024-09-08 21:09:35,056 - INFO - Checking icons for Default-theme theme. Icons color: #000000
2024-09-08 21:09:35,375 - INFO - Checking icons for Default-theme theme. Icons color: #000000
2024-09-08 21:09:35,583 - INFO - Checking icons for qt designer app.
2024-09-08 21:09:35,784 - INFO - all icons have been checked and missing icons generated!
2024-09-08 21:10:39,637 - INFO - Checking icons for Default-theme theme. Icons color: #000000
2024-09-08 21:10:39,869 - INFO - Checking icons for Default-theme theme. Icons color: #000000
2024-09-08 21:10:40,118 - INFO - Checking icons for qt designer app.
2024-09-08 21:10:40,299 - INFO - all icons have been checked and missing icons generated!
2024-09-08 21:11:53,441 - INFO - Checking icons for Default-theme theme. Icons color: #000000
2024-09-08 21:11:53,684 - INFO - Checking icons for Default-theme theme. Icons color: #000000
2024-09-08 21:11:53,940 - INFO - Checking icons for qt designer app.
2024-09-08 21:11:54,129 - INFO - all icons have been checked and missing icons generated!
2024-09-08 21:13:50,702 - INFO - Checking icons for Default-theme theme. Icons color: #000000
2024-09-08 21:13:50,959 - INFO - Checking icons for Default-theme theme. Icons color: #000000
2024-09-08 21:13:51,229 - INFO - Checking icons for qt designer app.
2024-09-08 21:13:51,664 - INFO - all icons have been checked and missing icons generated!
2024-09-08 21:15:54,748 - INFO - Checking icons for Default-theme theme. Icons color: #000000
2024-09-08 21:15:54,970 - INFO - Checking icons for Default-theme theme. Icons color: #000000
2024-09-08 21:15:55,246 - INFO - Checking icons for qt designer app.
2024-09-08 21:15:55,705 - INFO - all icons have been checked and missing icons generated!
2024-09-08 21:16:57,191 - INFO - Checking icons for Default-theme theme. Icons color: #000000
2024-09-08 21:16:57,429 - INFO - Checking icons for Default-theme theme. Icons color: #000000
2024-09-08 21:16:57,635 - INFO - Checking icons for qt designer app.
2024-09-08 21:16:58,059 - INFO - all icons have been checked and missing icons generated!
2024-09-08 21:17:15,146 - INFO - Checking icons for Default-theme theme. Icons color: #000000
2024-09-08 21:17:15,367 - INFO - Checking icons for Default-theme theme. Icons color: #000000
2024-09-08 21:17:15,581 - INFO - Checking icons for qt designer app.
2024-09-08 21:17:15,950 - INFO - all icons have been checked and missing icons generated!
2024-09-08 21:18:06,428 - INFO - Checking icons for Default-theme theme. Icons color: #000000
2024-09-08 21:18:06,638 - INFO - Checking icons for Default-theme theme. Icons color: #000000
2024-09-08 21:18:06,860 - INFO - Checking icons for qt designer app.
2024-09-08 21:18:07,184 - INFO - all icons have been checked and missing icons generated!
2024-09-08 21:19:36,600 - INFO - Checking icons for Default-theme theme. Icons color: #000000
2024-09-08 21:19:36,814 - INFO - Checking icons for Default-theme theme. Icons color: #000000
2024-09-08 21:19:37,053 - INFO - Checking icons for qt designer app.
2024-09-08 21:19:37,404 - INFO - all icons have been checked and missing icons generated!
2024-09-08 21:31:39,849 - INFO - Checking icons for Default-theme theme. Icons color: #000000
2024-09-08 21:31:40,062 - INFO - Checking icons for Default-theme theme. Icons color: #000000
2024-09-08 21:31:40,268 - INFO - Checking icons for qt designer app.
2024-09-08 21:31:40,540 - INFO - all icons have been checked and missing icons generated!
2024-09-08 21:32:22,957 - INFO - Checking icons for Default-theme theme. Icons color: #000000
2024-09-08 21:32:23,230 - INFO - Checking icons for Default-theme theme. Icons color: #000000
2024-09-08 21:32:23,480 - INFO - Checking icons for qt designer app.
2024-09-08 21:32:24,003 - INFO - all icons have been checked and missing icons generated!
2024-09-08 21:33:20,886 - INFO - Checking icons for Default-theme theme. Icons color: #000000
2024-09-08 21:33:21,074 - INFO - Checking icons for Default-theme theme. Icons color: #000000
2024-09-08 21:33:21,294 - INFO - Checking icons for qt designer app.
2024-09-08 21:33:21,695 - INFO - all icons have been checked and missing icons generated!
2024-09-08 21:36:31,687 - INFO - Checking icons for Default-theme theme. Icons color: #000000
2024-09-08 21:36:32,138 - INFO - Checking icons for Default-theme theme. Icons color: #000000
2024-09-08 21:36:32,528 - INFO - Checking icons for qt designer app.
2024-09-08 21:36:33,418 - INFO - all icons have been checked and missing icons generated!
2024-09-08 21:37:11,572 - INFO - Checking icons for Default-theme theme. Icons color: #000000
2024-09-08 21:37:11,762 - INFO - Checking icons for Default-theme theme. Icons color: #000000
2024-09-08 21:37:11,995 - INFO - Checking icons for qt designer app.
2024-09-08 21:37:12,327 - INFO - all icons have been checked and missing icons generated!
2024-09-08 21:38:06,264 - INFO - Checking icons for Default-theme theme. Icons color: #000000
2024-09-08 21:38:06,491 - INFO - Checking icons for Default-theme theme. Icons color: #000000
2024-09-08 21:38:06,693 - INFO - Checking icons for qt designer app.
2024-09-08 21:38:07,050 - INFO - all icons have been checked and missing icons generated!
2024-09-08 21:38:37,603 - INFO - Checking icons for Default-theme theme. Icons color: #000000
2024-09-08 21:38:37,811 - INFO - Checking icons for Default-theme theme. Icons color: #000000
2024-09-08 21:38:38,044 - INFO - Checking icons for qt designer app.
2024-09-08 21:38:38,483 - INFO - all icons have been checked and missing icons generated!
2024-09-08 21:39:31,791 - INFO - Checking icons for Default-theme theme. Icons color: #000000
2024-09-08 21:39:31,993 - INFO - Checking icons for Default-theme theme. Icons color: #000000
2024-09-08 21:39:32,231 - INFO - Checking icons for qt designer app.
2024-09-08 21:39:32,611 - INFO - all icons have been checked and missing icons generated!
2024-09-08 21:41:26,181 - INFO - Checking icons for Default-theme theme. Icons color: #000000
2024-09-08 21:41:26,450 - INFO - Checking icons for Default-theme theme. Icons color: #000000
2024-09-08 21:41:26,688 - INFO - Checking icons for qt designer app.
2024-09-08 21:41:27,120 - INFO - all icons have been checked and missing icons generated!
2024-09-08 21:53:02,791 - INFO - Checking icons for Default-theme theme. Icons color: #000000
2024-09-08 21:53:03,035 - INFO - Checking icons for Default-theme theme. Icons color: #000000
2024-09-08 21:53:03,238 - INFO - Checking icons for qt designer app.
2024-09-08 21:53:03,706 - INFO - all icons have been checked and missing icons generated!
